  [4;36;1mSQL (0.3ms)[0m   [0;1m SELECT name
 FROM sqlite_master
 WHERE type = 'table' AND NOT name = 'sqlite_sequence'
[0m
  [4;35;1mSQL (0.3ms)[0m   [0mselect sqlite_version(*)[0m
  [4;36;1mSQL (2.5ms)[0m   [0;1mCREATE TABLE "schema_migrations" ("version" varchar(255) NOT NULL) [0m
  [4;35;1mSQL (2.0ms)[0m   [0mCREATE UNIQUE INDEX "unique_schema_migrations" ON "schema_migrations" ("version")[0m
  [4;36;1mSQL (0.3ms)[0m   [0;1m SELECT name
 FROM sqlite_master
 WHERE type = 'table' AND NOT name = 'sqlite_sequence'
[0m
  [4;35;1mSQL (0.1ms)[0m   [0mSELECT version FROM schema_migrations[0m
Migrating to CreateBooks (20091226051536)
  [4;36;1mSQL (0.9ms)[0m   [0;1mCREATE TABLE "books" ("id" INTEGER PRIMARY KEY AUTOINCREMENT NOT NULL, "title" varchar(64), "description" text, "created_at" datetime, "updated_at" datetime) [0m
  [4;35;1mSQL (0.2ms)[0m   [0mINSERT INTO schema_migrations (version) VALUES ('20091226051536')[0m
Migrating to CreateAuthors (20091226052028)
  [4;36;1mSQL (0.5ms)[0m   [0;1mCREATE TABLE "authors" ("id" INTEGER PRIMARY KEY AUTOINCREMENT NOT NULL, "name" varchar(64), "password_hash" varchar(64), "created_at" datetime, "updated_at" datetime) [0m
  [4;35;1mSQL (0.1ms)[0m   [0mINSERT INTO schema_migrations (version) VALUES ('20091226052028')[0m
Migrating to CreatePages (20091226053752)
  [4;36;1mSQL (3.7ms)[0m   [0;1mCREATE TABLE "pages" ("id" INTEGER PRIMARY KEY AUTOINCREMENT NOT NULL, "directing_question" varchar(255), "content" text, "author_id" integer, "book_id" integer, "page_id" integer, "page_number" integer, "published" boolean, "created_at" datetime, "updated_at" datetime) [0m
  [4;35;1mSQL (0.2ms)[0m   [0mINSERT INTO schema_migrations (version) VALUES ('20091226053752')[0m
  [4;36;1mSQL (0.4ms)[0m   [0;1m SELECT name
 FROM sqlite_master
 WHERE type = 'table' AND NOT name = 'sqlite_sequence'
[0m
  [4;35;1mSQL (0.2ms)[0m   [0mSELECT version FROM schema_migrations[0m
  [4;36;1mSQL (0.2ms)[0m   [0;1m SELECT name
 FROM sqlite_master
 WHERE type = 'table' AND NOT name = 'sqlite_sequence'
[0m
  [4;35;1mSQL (0.1ms)[0m   [0mPRAGMA index_list("authors")[0m
  [4;36;1mSQL (0.0ms)[0m   [0;1mPRAGMA index_list("books")[0m
  [4;35;1mSQL (0.1ms)[0m   [0mPRAGMA index_list("pages")[0m
  [4;36;1mSQL (0.5ms)[0m   [0;1m SELECT name
 FROM sqlite_master
 WHERE type = 'table' AND NOT name = 'sqlite_sequence'
[0m
  [4;35;1mPage Create (0.6ms)[0m   [0mINSERT INTO "pages" ("updated_at", "page_number", "published", "page_id", "directing_question", "content", "author_id", "book_id", "created_at") VALUES('2009-12-26 05:59:15', NULL, NULL, NULL, NULL, NULL, NULL, NULL, '2009-12-26 05:59:15')[0m
  [4;36;1mPage Create (0.5ms)[0m   [0;1mINSERT INTO "pages" ("updated_at", "page_number", "published", "page_id", "directing_question", "content", "author_id", "book_id", "created_at") VALUES('2009-12-26 05:59:42', NULL, NULL, NULL, NULL, NULL, NULL, NULL, '2009-12-26 05:59:42')[0m
  [4;36;1mPage Load (0.6ms)[0m   [0;1mSELECT * FROM "pages" LIMIT 1[0m
  [4;35;1mPage Load (0.3ms)[0m   [0mSELECT * FROM "pages" WHERE ("pages".page_id = 1) [0m
  [4;36;1mPage Load (0.5ms)[0m   [0;1mSELECT * FROM "pages" WHERE ("pages"."id" = 2) [0m
  [4;35;1mPage Update (0.6ms)[0m   [0mUPDATE "pages" SET "page_id" = 1, "updated_at" = '2009-12-26 06:01:11' WHERE "id" = 2[0m
  [4;36;1mPage Load (0.4ms)[0m   [0;1mSELECT * FROM "pages" WHERE ("pages"."id" = 1) [0m
  [4;36;1mPage Load (0.3ms)[0m   [0;1mSELECT * FROM "pages" WHERE ("pages"."id" = 1) [0m
  [4;35;1mPage Load (0.5ms)[0m   [0mSELECT * FROM "pages" WHERE ("pages".page_id = 1) [0m
